[2023-10-06 19:24:14,852]root - INFO - get training pipeline config function started
[2023-10-06 19:24:14,852]root - INFO - training pipeline config : TrainingPipelineConfig(artifact_dir='D:\\projects\\mushroom_classification\\mashroom\\artifact')
[2023-10-06 19:24:14,852]root - INFO - get data ingestion config function started
[2023-10-06 19:24:14,852]root - INFO - data ingestion config : DataIngestionConfig(dataset_download_url='https://archive.ics.uci.edu/static/public/73/mushroom.zip', raw_data_dir='D:\\projects\\mushroom_classification\\mashroom\\artifact\\data_ingestion\\2023-10-06-19-24-10\\raw_data', zip_data_dir='D:\\projects\\mushroom_classification\\mashroom\\artifact\\data_ingestion\\2023-10-06-19-24-10\\zip_data', ingested_train_dir='D:\\projects\\mushroom_classification\\mashroom\\artifact\\data_ingestion\\2023-10-06-19-24-10\\ingested_data\\train', ingested_test_dir='D:\\projects\\mushroom_classification\\mashroom\\artifact\\data_ingestion\\2023-10-06-19-24-10\\ingested_data\\test')
[2023-10-06 19:24:14,852]root - INFO - >>>>>>>>>>>>>>>>>>>>>>>>>>>>>>>>>>>>>>>>Data Ingestion log started.<<<<<<<<<<<<<<<<<<<<<<<<<<<<<<<<<<<<<<<< 
[2023-10-06 19:24:14,852]root - INFO - intitate data ingestion function started
[2023-10-06 19:24:14,852]root - INFO - download mashroom data function started
[2023-10-06 19:24:14,852]root - INFO - downlaodind data from https://archive.ics.uci.edu/static/public/73/mushroom.zip in the D:\projects\mushroom_classification\mashroom\artifact\data_ingestion\2023-10-06-19-24-10\zip_data folder
[2023-10-06 19:24:14,852]root - INFO - -----data download started-----
[2023-10-06 19:24:16,521]root - INFO - -----data download completed-----
[2023-10-06 19:24:16,521]root - INFO - get extracted data function started
[2023-10-06 19:24:16,521]root - INFO - extracting data from D:\projects\mushroom_classification\mashroom\artifact\data_ingestion\2023-10-06-19-24-10\zip_data\mushroom.zip into D:\projects\mushroom_classification\mashroom\artifact\data_ingestion\2023-10-06-19-24-10\raw_data folder
[2023-10-06 19:24:16,583]root - INFO - get train test split function started
[2023-10-06 19:24:16,583]root - INFO - data file name : agaricus-lepiota.data
[2023-10-06 19:24:16,583]root - INFO - -----data reading started-----
[2023-10-06 19:24:16,630]root - INFO - -----data reading completed-----
[2023-10-06 19:24:16,630]root - INFO - -----splitting data started-----
[2023-10-06 19:24:16,646]root - INFO - -----splitting data completed-----
[2023-10-06 19:24:16,646]root - INFO - combining input and output features
[2023-10-06 19:24:16,646]root - INFO - saving train data as csv
[2023-10-06 19:24:16,693]root - INFO - saving test data as csv
[2023-10-06 19:24:16,739]root - INFO - >>>>>>>>>>>>>>>>>>>>>>>>>>>>>>>>>>>>>>>>Data Ingestion log completed.<<<<<<<<<<<<<<<<<<<<<<<<<<<<<<<<<<<<<<<< 


[2023-10-06 19:24:16,739]root - INFO - get data validation config function started
[2023-10-06 19:24:16,739]root - INFO - data validation config : DataValidationConfig(schema_file_dir='D:\\projects\\mushroom_classification\\config\\schema.yaml', report_page_file_dir='D:\\projects\\mushroom_classification\\mashroom\\artifact\\data_validation\\2023-10-06-19-24-10', report_name='report.html')
[2023-10-06 19:24:16,739]root - INFO - >>>>>>>>>>>>>>>>>>>>>>>>>>>>>>>>>>>>>>>>Data Validation log started.<<<<<<<<<<<<<<<<<<<<<<<<<<<<<<<<<<<<<<<< 


[2023-10-06 19:24:16,739]root - INFO - get column count validation function started
[2023-10-06 19:24:16,739]root - INFO - get train test dataframe function started
[2023-10-06 19:24:16,739]root - INFO - reading train data from : D:\projects\mushroom_classification\mashroom\artifact\data_ingestion\2023-10-06-19-24-10\ingested_data\train\agaricus-lepiota.csv
[2023-10-06 19:24:16,786]root - INFO - train file read successfull
[2023-10-06 19:24:16,786]root - INFO - rading test data from : D:\projects\mushroom_classification\mashroom\artifact\data_ingestion\2023-10-06-19-24-10\ingested_data\test\agaricus-lepiota.csv
[2023-10-06 19:24:16,833]root - INFO - test file read successfull
[2023-10-06 19:24:16,833]root - INFO - column count in schema file is : 23
[2023-10-06 19:24:16,833]root - INFO - column count in train file is : 23
[2023-10-06 19:24:16,833]root - INFO - column count in test file is : 23
[2023-10-06 19:24:16,833]root - INFO - column count in train dataframe is okky
[2023-10-06 19:24:16,833]root - INFO - column count in test dataframe is okky
[2023-10-06 19:24:16,833]root - INFO - get column name validation function started
[2023-10-06 19:24:16,849]root - INFO - get train test dataframe function started
[2023-10-06 19:24:16,849]root - INFO - reading train data from : D:\projects\mushroom_classification\mashroom\artifact\data_ingestion\2023-10-06-19-24-10\ingested_data\train\agaricus-lepiota.csv
[2023-10-06 19:24:16,880]root - INFO - train file read successfull
[2023-10-06 19:24:16,880]root - INFO - rading test data from : D:\projects\mushroom_classification\mashroom\artifact\data_ingestion\2023-10-06-19-24-10\ingested_data\test\agaricus-lepiota.csv
[2023-10-06 19:24:16,911]root - INFO - test file read successfull
[2023-10-06 19:24:16,911]root - INFO - schema column names are : ['cap-shape', 'cap-color', 'cap-surface', 'bruises', 'odor', 'gill-attachment', 'gill-spacing', 'gill-size', 'gill-color', 'stalk-shape', 'stalk-root', 'stalk-surface-above-ring', 'stalk-surface-below-ring', 'stalk-color-above-ring', 'stalk-color-below-ring', 'veil-type', 'veil-color', 'ring-number', 'ring-type', 'spore-print-color', 'population', 'habitat', 'target']
[2023-10-06 19:24:16,911]root - INFO - train dataframe column names are : ['cap-shape', 'cap-color', 'cap-surface', 'bruises', 'odor', 'gill-attachment', 'gill-spacing', 'gill-size', 'gill-color', 'stalk-shape', 'stalk-root', 'stalk-surface-above-ring', 'stalk-surface-below-ring', 'stalk-color-above-ring', 'stalk-color-below-ring', 'veil-type', 'veil-color', 'ring-number', 'ring-type', 'spore-print-color', 'population', 'habitat', 'target']
[2023-10-06 19:24:16,911]root - INFO - test dataframe column anmes are : ['cap-shape', 'cap-color', 'cap-surface', 'bruises', 'odor', 'gill-attachment', 'gill-spacing', 'gill-size', 'gill-color', 'stalk-shape', 'stalk-root', 'stalk-surface-above-ring', 'stalk-surface-below-ring', 'stalk-color-above-ring', 'stalk-color-below-ring', 'veil-type', 'veil-color', 'ring-number', 'ring-type', 'spore-print-color', 'population', 'habitat', 'target']
[2023-10-06 19:24:16,911]root - INFO - train dataframe column names are correct
[2023-10-06 19:24:16,911]root - INFO - test dataframe column names are correct
[2023-10-06 19:24:16,911]root - INFO - get column data type validation function started
[2023-10-06 19:24:16,927]root - INFO - get train test dataframe function started
[2023-10-06 19:24:16,927]root - INFO - reading train data from : D:\projects\mushroom_classification\mashroom\artifact\data_ingestion\2023-10-06-19-24-10\ingested_data\train\agaricus-lepiota.csv
[2023-10-06 19:24:16,958]root - INFO - train file read successfull
[2023-10-06 19:24:16,958]root - INFO - rading test data from : D:\projects\mushroom_classification\mashroom\artifact\data_ingestion\2023-10-06-19-24-10\ingested_data\test\agaricus-lepiota.csv
[2023-10-06 19:24:16,989]root - INFO - test file read successfull
[2023-10-06 19:24:16,989]root - INFO - get and save data drift report function started
[2023-10-06 19:24:16,989]root - INFO - get train test dataframe function started
[2023-10-06 19:24:16,989]root - INFO - reading train data from : D:\projects\mushroom_classification\mashroom\artifact\data_ingestion\2023-10-06-19-24-10\ingested_data\train\agaricus-lepiota.csv
[2023-10-06 19:24:17,023]root - INFO - train file read successfull
[2023-10-06 19:24:17,023]root - INFO - rading test data from : D:\projects\mushroom_classification\mashroom\artifact\data_ingestion\2023-10-06-19-24-10\ingested_data\test\agaricus-lepiota.csv
[2023-10-06 19:24:17,053]root - INFO - test file read successfull
[2023-10-06 19:24:19,076]root - INFO - report saved succesfully
[2023-10-06 19:24:19,076]root - INFO - >>>>>>>>>>>>>>>>>>>>>>>>>>>>>>>>>>>>>>>>Data Validation log completed.<<<<<<<<<<<<<<<<<<<<<<<<<<<<<<<<<<<<<<<< 


[2023-10-06 19:24:19,076]root - INFO - get data transform config function started
[2023-10-06 19:24:19,076]root - INFO - data transform config : DataTransformConfig(transform_train_dir='D:\\projects\\mushroom_classification\\mashroom\\artifact\\data_transform\\2023-10-06-19-24-10\\train', transform_test_dir='D:\\projects\\mushroom_classification\\mashroom\\artifact\\data_transform\\2023-10-06-19-24-10\\test', preprocessed_file_path='D:\\projects\\mushroom_classification\\mashroom\\artifact\\data_transform\\2023-10-06-19-24-10\\preprocessed\\preprocessed.pkl')
[2023-10-06 19:24:19,076]root - INFO - >>>>>>>>>>>>>>>>>>>>>>>>>>>>>>>>>>>>>>>>Data Transformation log started.<<<<<<<<<<<<<<<<<<<<<<<<<<<<<<<<<<<<<<<< 
[2023-10-06 19:24:19,076]root - INFO - intiate data transform function started
[2023-10-06 19:24:19,076]root - INFO - get preprocessing object function staretd
[2023-10-06 19:24:19,076]root - INFO - -----pipeline esamble started-----
[2023-10-06 19:24:19,076]root - INFO - -----pipeline esamble completed-----
[2023-10-06 19:24:19,091]root - INFO - get perfrom preprocessing function started
[2023-10-06 19:24:19,091]root - INFO - -----reading train data started-----
[2023-10-06 19:24:19,123]root - INFO - ------reading train data completed-----
[2023-10-06 19:24:19,123]root - INFO - dropping target column from dataframe
[2023-10-06 19:24:19,123]root - INFO - columns names after dropping target column : Index(['cap-shape', 'cap-color', 'cap-surface', 'bruises', 'odor',
       'gill-attachment', 'gill-spacing', 'gill-size', 'gill-color',
       'stalk-shape', 'stalk-root', 'stalk-surface-above-ring',
       'stalk-surface-below-ring', 'stalk-color-above-ring',
       'stalk-color-below-ring', 'veil-type', 'veil-color', 'ring-number',
       'ring-type', 'spore-print-color', 'population', 'habitat'],
      dtype='object')
[2023-10-06 19:24:19,123]root - INFO - -----preprocessing on train data started-----
[2023-10-06 19:24:19,232]root - INFO - -----preprocessing on train data completed-----
[2023-10-06 19:24:19,232]root - INFO - one hot encoding on target data
[2023-10-06 19:24:19,232]root - INFO - combining input and output dataframes
[2023-10-06 19:24:19,232]root - INFO - get perfrom preprocessing function started
[2023-10-06 19:24:19,248]root - INFO - -----reading test data started-----
[2023-10-06 19:24:19,263]root - INFO - ------reading train data completed-----
[2023-10-06 19:24:19,263]root - INFO - dropping target column from dataframe
[2023-10-06 19:24:19,279]root - INFO - columns names after dropping target column : Index(['cap-shape', 'cap-color', 'cap-surface', 'bruises', 'odor',
       'gill-attachment', 'gill-spacing', 'gill-size', 'gill-color',
       'stalk-shape', 'stalk-root', 'stalk-surface-above-ring',
       'stalk-surface-below-ring', 'stalk-color-above-ring',
       'stalk-color-below-ring', 'veil-type', 'veil-color', 'ring-number',
       'ring-type', 'spore-print-color', 'population', 'habitat'],
      dtype='object')
[2023-10-06 19:24:19,279]root - INFO - -----preprocessing on test data started-----
[2023-10-06 19:24:19,342]root - INFO - -----preprocessing on test data completed-----
[2023-10-06 19:24:19,342]root - INFO - one hot encoding on target data
[2023-10-06 19:24:19,342]root - INFO - combining input and output dataframes
[2023-10-06 19:24:19,357]root - INFO - save transformed train test data function started
[2023-10-06 19:24:19,357]root - INFO - saving transformed train file in : D:\projects\mushroom_classification\mashroom\artifact\data_transform\2023-10-06-19-24-10\train
[2023-10-06 19:24:19,545]root - INFO - saving transformed train file succesfull
[2023-10-06 19:24:19,545]root - INFO - saving transformed test file in : D:\projects\mushroom_classification\mashroom\artifact\data_transform\2023-10-06-19-24-10\test
[2023-10-06 19:24:19,734]root - INFO - saving transformed test file succesfull
[2023-10-06 19:24:19,734]root - INFO - >>>>>>>>>>>>>>>>>>>>>>>>>>>>>>>>>>>>>>>>Data Transformation log completed.<<<<<<<<<<<<<<<<<<<<<<<<<<<<<<<<<<<<<<<< 


[2023-10-06 19:24:19,734]root - INFO - get model trainer function started
[2023-10-06 19:24:19,734]root - INFO - mode trainer config : ModelTrainerConfig(trained_model_file_path='D:\\projects\\mushroom_classification\\model_trainer\\2023-10-06-19-24-10\\model.pkl', base_accuracy=0.9, model_config_file_path='D:\\projects\\mushroom_classification\\config\\model.yaml')
[2023-10-06 19:24:19,734]root - INFO - >>>>>>>>>>>>>>>>>>>>>>>>>>>>>>>>>>>>>>>>Model Trainer log started.<<<<<<<<<<<<<<<<<<<<<<<<<<<<<<<<<<<<<<<< 
[2023-10-06 19:24:19,734]root - INFO - intiate model trainer function started
[2023-10-06 19:24:19,953]root - INFO - get best model function started
[2023-10-06 19:24:19,953]root - INFO - get intlized model list function started
