[2023-10-06 19:28:36,766]root - INFO - get training pipeline config function started
[2023-10-06 19:28:36,766]root - INFO - training pipeline config : TrainingPipelineConfig(artifact_dir='D:\\projects\\mushroom_classification\\mashroom\\artifact')
[2023-10-06 19:28:36,766]root - INFO - get data ingestion config function started
[2023-10-06 19:28:36,766]root - INFO - data ingestion config : DataIngestionConfig(dataset_download_url='https://archive.ics.uci.edu/static/public/73/mushroom.zip', raw_data_dir='D:\\projects\\mushroom_classification\\mashroom\\artifact\\data_ingestion\\2023-10-06-19-28-31\\raw_data', zip_data_dir='D:\\projects\\mushroom_classification\\mashroom\\artifact\\data_ingestion\\2023-10-06-19-28-31\\zip_data', ingested_train_dir='D:\\projects\\mushroom_classification\\mashroom\\artifact\\data_ingestion\\2023-10-06-19-28-31\\ingested_data\\train', ingested_test_dir='D:\\projects\\mushroom_classification\\mashroom\\artifact\\data_ingestion\\2023-10-06-19-28-31\\ingested_data\\test')
[2023-10-06 19:28:36,766]root - INFO - >>>>>>>>>>>>>>>>>>>>>>>>>>>>>>>>>>>>>>>>Data Ingestion log started.<<<<<<<<<<<<<<<<<<<<<<<<<<<<<<<<<<<<<<<< 
[2023-10-06 19:28:36,766]root - INFO - intitate data ingestion function started
[2023-10-06 19:28:36,766]root - INFO - download mashroom data function started
[2023-10-06 19:28:36,766]root - INFO - downlaodind data from https://archive.ics.uci.edu/static/public/73/mushroom.zip in the D:\projects\mushroom_classification\mashroom\artifact\data_ingestion\2023-10-06-19-28-31\zip_data folder
[2023-10-06 19:28:36,766]root - INFO - -----data download started-----
[2023-10-06 19:28:38,490]root - INFO - -----data download completed-----
[2023-10-06 19:28:38,490]root - INFO - get extracted data function started
[2023-10-06 19:28:38,490]root - INFO - extracting data from D:\projects\mushroom_classification\mashroom\artifact\data_ingestion\2023-10-06-19-28-31\zip_data\mushroom.zip into D:\projects\mushroom_classification\mashroom\artifact\data_ingestion\2023-10-06-19-28-31\raw_data folder
[2023-10-06 19:28:38,521]root - INFO - get train test split function started
[2023-10-06 19:28:38,521]root - INFO - data file name : agaricus-lepiota.data
[2023-10-06 19:28:38,521]root - INFO - -----data reading started-----
[2023-10-06 19:28:38,568]root - INFO - -----data reading completed-----
[2023-10-06 19:28:38,568]root - INFO - -----splitting data started-----
[2023-10-06 19:28:38,584]root - INFO - -----splitting data completed-----
[2023-10-06 19:28:38,584]root - INFO - combining input and output features
[2023-10-06 19:28:38,584]root - INFO - saving train data as csv
[2023-10-06 19:28:38,631]root - INFO - saving test data as csv
[2023-10-06 19:28:38,677]root - INFO - >>>>>>>>>>>>>>>>>>>>>>>>>>>>>>>>>>>>>>>>Data Ingestion log completed.<<<<<<<<<<<<<<<<<<<<<<<<<<<<<<<<<<<<<<<< 


[2023-10-06 19:28:38,677]root - INFO - get data validation config function started
[2023-10-06 19:28:38,677]root - INFO - data validation config : DataValidationConfig(schema_file_dir='D:\\projects\\mushroom_classification\\config\\schema.yaml', report_page_file_dir='D:\\projects\\mushroom_classification\\mashroom\\artifact\\data_validation\\2023-10-06-19-28-31', report_name='report.html')
[2023-10-06 19:28:38,677]root - INFO - >>>>>>>>>>>>>>>>>>>>>>>>>>>>>>>>>>>>>>>>Data Validation log started.<<<<<<<<<<<<<<<<<<<<<<<<<<<<<<<<<<<<<<<< 


[2023-10-06 19:28:38,677]root - INFO - get column count validation function started
[2023-10-06 19:28:38,693]root - INFO - get train test dataframe function started
[2023-10-06 19:28:38,693]root - INFO - reading train data from : D:\projects\mushroom_classification\mashroom\artifact\data_ingestion\2023-10-06-19-28-31\ingested_data\train\agaricus-lepiota.csv
[2023-10-06 19:28:38,740]root - INFO - train file read successfull
[2023-10-06 19:28:38,740]root - INFO - rading test data from : D:\projects\mushroom_classification\mashroom\artifact\data_ingestion\2023-10-06-19-28-31\ingested_data\test\agaricus-lepiota.csv
[2023-10-06 19:28:38,787]root - INFO - test file read successfull
[2023-10-06 19:28:38,787]root - INFO - column count in schema file is : 23
[2023-10-06 19:28:38,787]root - INFO - column count in train file is : 23
[2023-10-06 19:28:38,787]root - INFO - column count in test file is : 23
[2023-10-06 19:28:38,787]root - INFO - column count in train dataframe is okky
[2023-10-06 19:28:38,787]root - INFO - column count in test dataframe is okky
[2023-10-06 19:28:38,787]root - INFO - get column name validation function started
[2023-10-06 19:28:38,787]root - INFO - get train test dataframe function started
[2023-10-06 19:28:38,787]root - INFO - reading train data from : D:\projects\mushroom_classification\mashroom\artifact\data_ingestion\2023-10-06-19-28-31\ingested_data\train\agaricus-lepiota.csv
[2023-10-06 19:28:38,818]root - INFO - train file read successfull
[2023-10-06 19:28:38,818]root - INFO - rading test data from : D:\projects\mushroom_classification\mashroom\artifact\data_ingestion\2023-10-06-19-28-31\ingested_data\test\agaricus-lepiota.csv
[2023-10-06 19:28:38,859]root - INFO - test file read successfull
[2023-10-06 19:28:38,860]root - INFO - schema column names are : ['cap-shape', 'cap-color', 'cap-surface', 'bruises', 'odor', 'gill-attachment', 'gill-spacing', 'gill-size', 'gill-color', 'stalk-shape', 'stalk-root', 'stalk-surface-above-ring', 'stalk-surface-below-ring', 'stalk-color-above-ring', 'stalk-color-below-ring', 'veil-type', 'veil-color', 'ring-number', 'ring-type', 'spore-print-color', 'population', 'habitat', 'target']
[2023-10-06 19:28:38,860]root - INFO - train dataframe column names are : ['cap-shape', 'cap-color', 'cap-surface', 'bruises', 'odor', 'gill-attachment', 'gill-spacing', 'gill-size', 'gill-color', 'stalk-shape', 'stalk-root', 'stalk-surface-above-ring', 'stalk-surface-below-ring', 'stalk-color-above-ring', 'stalk-color-below-ring', 'veil-type', 'veil-color', 'ring-number', 'ring-type', 'spore-print-color', 'population', 'habitat', 'target']
[2023-10-06 19:28:38,860]root - INFO - test dataframe column anmes are : ['cap-shape', 'cap-color', 'cap-surface', 'bruises', 'odor', 'gill-attachment', 'gill-spacing', 'gill-size', 'gill-color', 'stalk-shape', 'stalk-root', 'stalk-surface-above-ring', 'stalk-surface-below-ring', 'stalk-color-above-ring', 'stalk-color-below-ring', 'veil-type', 'veil-color', 'ring-number', 'ring-type', 'spore-print-color', 'population', 'habitat', 'target']
[2023-10-06 19:28:38,860]root - INFO - train dataframe column names are correct
[2023-10-06 19:28:38,860]root - INFO - test dataframe column names are correct
[2023-10-06 19:28:38,861]root - INFO - get column data type validation function started
[2023-10-06 19:28:38,866]root - INFO - get train test dataframe function started
[2023-10-06 19:28:38,866]root - INFO - reading train data from : D:\projects\mushroom_classification\mashroom\artifact\data_ingestion\2023-10-06-19-28-31\ingested_data\train\agaricus-lepiota.csv
[2023-10-06 19:28:38,898]root - INFO - train file read successfull
[2023-10-06 19:28:38,898]root - INFO - rading test data from : D:\projects\mushroom_classification\mashroom\artifact\data_ingestion\2023-10-06-19-28-31\ingested_data\test\agaricus-lepiota.csv
[2023-10-06 19:28:38,929]root - INFO - test file read successfull
[2023-10-06 19:28:38,929]root - INFO - get and save data drift report function started
[2023-10-06 19:28:38,929]root - INFO - get train test dataframe function started
[2023-10-06 19:28:38,929]root - INFO - reading train data from : D:\projects\mushroom_classification\mashroom\artifact\data_ingestion\2023-10-06-19-28-31\ingested_data\train\agaricus-lepiota.csv
[2023-10-06 19:28:38,960]root - INFO - train file read successfull
[2023-10-06 19:28:38,960]root - INFO - rading test data from : D:\projects\mushroom_classification\mashroom\artifact\data_ingestion\2023-10-06-19-28-31\ingested_data\test\agaricus-lepiota.csv
[2023-10-06 19:28:38,991]root - INFO - test file read successfull
[2023-10-06 19:28:41,170]root - INFO - report saved succesfully
[2023-10-06 19:28:41,170]root - INFO - >>>>>>>>>>>>>>>>>>>>>>>>>>>>>>>>>>>>>>>>Data Validation log completed.<<<<<<<<<<<<<<<<<<<<<<<<<<<<<<<<<<<<<<<< 


[2023-10-06 19:28:41,170]root - INFO - get data transform config function started
[2023-10-06 19:28:41,170]root - INFO - data transform config : DataTransformConfig(transform_train_dir='D:\\projects\\mushroom_classification\\mashroom\\artifact\\data_transform\\2023-10-06-19-28-31\\train', transform_test_dir='D:\\projects\\mushroom_classification\\mashroom\\artifact\\data_transform\\2023-10-06-19-28-31\\test', preprocessed_file_path='D:\\projects\\mushroom_classification\\mashroom\\artifact\\data_transform\\2023-10-06-19-28-31\\preprocessed\\preprocessed.pkl')
[2023-10-06 19:28:41,170]root - INFO - >>>>>>>>>>>>>>>>>>>>>>>>>>>>>>>>>>>>>>>>Data Transformation log started.<<<<<<<<<<<<<<<<<<<<<<<<<<<<<<<<<<<<<<<< 
[2023-10-06 19:28:41,170]root - INFO - intiate data transform function started
[2023-10-06 19:28:41,170]root - INFO - get preprocessing object function staretd
[2023-10-06 19:28:41,170]root - INFO - -----pipeline esamble started-----
[2023-10-06 19:28:41,170]root - INFO - -----pipeline esamble completed-----
[2023-10-06 19:28:41,170]root - INFO - get perfrom preprocessing function started
[2023-10-06 19:28:41,170]root - INFO - -----reading train data started-----
[2023-10-06 19:28:41,217]root - INFO - ------reading train data completed-----
[2023-10-06 19:28:41,217]root - INFO - dropping target column from dataframe
[2023-10-06 19:28:41,217]root - INFO - columns names after dropping target column : Index(['cap-shape', 'cap-color', 'cap-surface', 'bruises', 'odor',
       'gill-attachment', 'gill-spacing', 'gill-size', 'gill-color',
       'stalk-shape', 'stalk-root', 'stalk-surface-above-ring',
       'stalk-surface-below-ring', 'stalk-color-above-ring',
       'stalk-color-below-ring', 'veil-type', 'veil-color', 'ring-number',
       'ring-type', 'spore-print-color', 'population', 'habitat'],
      dtype='object')
[2023-10-06 19:28:41,217]root - INFO - -----preprocessing on train data started-----
[2023-10-06 19:28:41,311]root - INFO - -----preprocessing on train data completed-----
[2023-10-06 19:28:41,311]root - INFO - one hot encoding on target data
[2023-10-06 19:28:41,311]root - INFO - combining input and output dataframes
[2023-10-06 19:28:41,311]root - INFO - get perfrom preprocessing function started
[2023-10-06 19:28:41,327]root - INFO - -----reading test data started-----
[2023-10-06 19:28:41,373]root - INFO - ------reading train data completed-----
[2023-10-06 19:28:41,373]root - INFO - dropping target column from dataframe
[2023-10-06 19:28:41,373]root - INFO - columns names after dropping target column : Index(['cap-shape', 'cap-color', 'cap-surface', 'bruises', 'odor',
       'gill-attachment', 'gill-spacing', 'gill-size', 'gill-color',
       'stalk-shape', 'stalk-root', 'stalk-surface-above-ring',
       'stalk-surface-below-ring', 'stalk-color-above-ring',
       'stalk-color-below-ring', 'veil-type', 'veil-color', 'ring-number',
       'ring-type', 'spore-print-color', 'population', 'habitat'],
      dtype='object')
[2023-10-06 19:28:41,373]root - INFO - -----preprocessing on test data started-----
[2023-10-06 19:28:41,467]root - INFO - -----preprocessing on test data completed-----
[2023-10-06 19:28:41,467]root - INFO - one hot encoding on target data
[2023-10-06 19:28:41,485]root - INFO - combining input and output dataframes
[2023-10-06 19:28:41,500]root - INFO - save transformed train test data function started
[2023-10-06 19:28:41,500]root - INFO - saving transformed train file in : D:\projects\mushroom_classification\mashroom\artifact\data_transform\2023-10-06-19-28-31\train
[2023-10-06 19:28:41,719]root - INFO - saving transformed train file succesfull
[2023-10-06 19:28:41,719]root - INFO - saving transformed test file in : D:\projects\mushroom_classification\mashroom\artifact\data_transform\2023-10-06-19-28-31\test
[2023-10-06 19:28:41,907]root - INFO - saving transformed test file succesfull
[2023-10-06 19:28:41,922]root - INFO - >>>>>>>>>>>>>>>>>>>>>>>>>>>>>>>>>>>>>>>>Data Transformation log completed.<<<<<<<<<<<<<<<<<<<<<<<<<<<<<<<<<<<<<<<< 


[2023-10-06 19:28:41,922]root - INFO - get model trainer function started
[2023-10-06 19:28:41,922]root - INFO - mode trainer config : ModelTrainerConfig(trained_model_file_path='D:\\projects\\mushroom_classification\\model_trainer\\2023-10-06-19-28-31\\model.pkl', base_accuracy=0.9, model_config_file_path='D:\\projects\\mushroom_classification\\config\\model.yaml')
[2023-10-06 19:28:41,922]root - INFO - >>>>>>>>>>>>>>>>>>>>>>>>>>>>>>>>>>>>>>>>Model Trainer log started.<<<<<<<<<<<<<<<<<<<<<<<<<<<<<<<<<<<<<<<< 
[2023-10-06 19:28:41,922]root - INFO - intiate model trainer function started
[2023-10-06 19:28:42,159]root - INFO - get best model function started
[2023-10-06 19:28:42,159]root - INFO - get intlized model list function started
[2023-10-06 19:28:42,174]root - INFO - intlized model list : [InitlizedModelDetails(model_serial_number='module_0', model=LogisticRegression(), params_grid_search={'penalty': ['l2']}, model_name='sklearn.linear_model.LogisticRegression')]
[2023-10-06 19:28:43,131]root - INFO - intlized model list : [InitlizedModelDetails(model_serial_number='module_0', model=LogisticRegression(), params_grid_search={'penalty': ['l2']}, model_name='sklearn.linear_model.LogisticRegression'), InitlizedModelDetails(model_serial_number='module_1', model=RandomForestClassifier(max_depth=2), params_grid_search={'max_depth': [2, 3, 4, 5, 6, 7, 8, 9, 10, 11, 12, 15, 20]}, model_name='sklearn.ensemble.RandomForestClassifier')]
[2023-10-06 19:28:43,131]root - INFO - intlized model list : [InitlizedModelDetails(model_serial_number='module_0', model=LogisticRegression(), params_grid_search={'penalty': ['l2']}, model_name='sklearn.linear_model.LogisticRegression'), InitlizedModelDetails(model_serial_number='module_1', model=RandomForestClassifier(max_depth=2), params_grid_search={'max_depth': [2, 3, 4, 5, 6, 7, 8, 9, 10, 11, 12, 15, 20]}, model_name='sklearn.ensemble.RandomForestClassifier'), InitlizedModelDetails(model_serial_number='module_2', model=DecisionTreeClassifier(max_depth=2), params_grid_search={'max_depth': [2, 3, 4, 5, 6, 7, 8, 9, 10, 11, 12, 15, 20]}, model_name='sklearn.tree.DecisionTreeClassifier')]
[2023-10-06 19:28:43,131]root - INFO - intlized model list : [InitlizedModelDetails(model_serial_number='module_0', model=LogisticRegression(), params_grid_search={'penalty': ['l2']}, model_name='sklearn.linear_model.LogisticRegression'), InitlizedModelDetails(model_serial_number='module_1', model=RandomForestClassifier(max_depth=2), params_grid_search={'max_depth': [2, 3, 4, 5, 6, 7, 8, 9, 10, 11, 12, 15, 20]}, model_name='sklearn.ensemble.RandomForestClassifier'), InitlizedModelDetails(model_serial_number='module_2', model=DecisionTreeClassifier(max_depth=2), params_grid_search={'max_depth': [2, 3, 4, 5, 6, 7, 8, 9, 10, 11, 12, 15, 20]}, model_name='sklearn.tree.DecisionTreeClassifier'), InitlizedModelDetails(model_serial_number='module_3', model=SVC(C=1), params_grid_search={'C': [1, 3, 5, 7, 9, 10]}, model_name='sklearn.svm.SVC')]
[2023-10-06 19:28:43,131]root - INFO - Final model list is:[InitlizedModelDetails(model_serial_number='module_0', model=LogisticRegression(), params_grid_search={'penalty': ['l2']}, model_name='sklearn.linear_model.LogisticRegression'), InitlizedModelDetails(model_serial_number='module_1', model=RandomForestClassifier(max_depth=2), params_grid_search={'max_depth': [2, 3, 4, 5, 6, 7, 8, 9, 10, 11, 12, 15, 20]}, model_name='sklearn.ensemble.RandomForestClassifier'), InitlizedModelDetails(model_serial_number='module_2', model=DecisionTreeClassifier(max_depth=2), params_grid_search={'max_depth': [2, 3, 4, 5, 6, 7, 8, 9, 10, 11, 12, 15, 20]}, model_name='sklearn.tree.DecisionTreeClassifier'), InitlizedModelDetails(model_serial_number='module_3', model=SVC(C=1), params_grid_search={'C': [1, 3, 5, 7, 9, 10]}, model_name='sklearn.svm.SVC')]
[2023-10-06 19:28:43,131]root - INFO - initite best parameter for models function started
[2023-10-06 19:28:43,131]root - INFO - finding best model for : InitlizedModelDetails(model_serial_number='module_0', model=LogisticRegression(), params_grid_search={'penalty': ['l2']}, model_name='sklearn.linear_model.LogisticRegression')
[2023-10-06 19:28:43,131]root - INFO - finding best parameters for each models
[2023-10-06 19:28:44,086]root - INFO - best model is : GridSearchedBestModel(model_serial_number='module_0', model=LogisticRegression(), best_model=LogisticRegression(), best_parameters={'penalty': 'l2'}, best_scores=0.9995382246698643)
[2023-10-06 19:28:44,086]root - INFO - finding best model for : InitlizedModelDetails(model_serial_number='module_1', model=RandomForestClassifier(max_depth=2), params_grid_search={'max_depth': [2, 3, 4, 5, 6, 7, 8, 9, 10, 11, 12, 15, 20]}, model_name='sklearn.ensemble.RandomForestClassifier')
[2023-10-06 19:28:44,086]root - INFO - finding best parameters for each models
[2023-10-06 19:29:30,822]root - INFO - best model is : GridSearchedBestModel(model_serial_number='module_1', model=RandomForestClassifier(max_depth=2), best_model=RandomForestClassifier(max_depth=7), best_parameters={'max_depth': 7}, best_scores=1.0)
[2023-10-06 19:29:30,822]root - INFO - finding best model for : InitlizedModelDetails(model_serial_number='module_2', model=DecisionTreeClassifier(max_depth=2), params_grid_search={'max_depth': [2, 3, 4, 5, 6, 7, 8, 9, 10, 11, 12, 15, 20]}, model_name='sklearn.tree.DecisionTreeClassifier')
[2023-10-06 19:29:30,822]root - INFO - finding best parameters for each models
[2023-10-06 19:29:33,354]root - INFO - best model is : GridSearchedBestModel(model_serial_number='module_2', model=DecisionTreeClassifier(max_depth=2), best_model=DecisionTreeClassifier(max_depth=9), best_parameters={'max_depth': 9}, best_scores=1.0)
[2023-10-06 19:29:33,354]root - INFO - finding best model for : InitlizedModelDetails(model_serial_number='module_3', model=SVC(C=1), params_grid_search={'C': [1, 3, 5, 7, 9, 10]}, model_name='sklearn.svm.SVC')
[2023-10-06 19:29:33,354]root - INFO - finding best parameters for each models
[2023-10-06 19:30:08,467]root - INFO - best model is : GridSearchedBestModel(model_serial_number='module_3', model=SVC(C=1), best_model=SVC(C=1), best_parameters={'C': 1}, best_scores=1.0)
[2023-10-06 19:30:08,467]root - INFO - Best individual models with paramater is :[GridSearchedBestModel(model_serial_number='module_0', model=LogisticRegression(), best_model=LogisticRegression(), best_parameters={'penalty': 'l2'}, best_scores=0.9995382246698643), GridSearchedBestModel(model_serial_number='module_1', model=RandomForestClassifier(max_depth=2), best_model=RandomForestClassifier(max_depth=7), best_parameters={'max_depth': 7}, best_scores=1.0), GridSearchedBestModel(model_serial_number='module_2', model=DecisionTreeClassifier(max_depth=2), best_model=DecisionTreeClassifier(max_depth=9), best_parameters={'max_depth': 9}, best_scores=1.0), GridSearchedBestModel(model_serial_number='module_3', model=SVC(C=1), best_model=SVC(C=1), best_parameters={'C': 1}, best_scores=1.0)]
[2023-10-06 19:30:08,467]root - INFO - get best model from grid searched best model
[2023-10-06 19:30:08,467]root - INFO - best model on trained data is : RandomForestClassifier(max_depth=7)
[2023-10-06 19:30:08,467]root - INFO - get evulated classification model function started
[2023-10-06 19:30:08,482]root - INFO - model list : [LogisticRegression(), RandomForestClassifier(max_depth=7), DecisionTreeClassifier(max_depth=9), SVC(C=1)]
[2023-10-06 19:30:08,482]root - INFO - -----------------for model : LogisticRegression()----------------------
[2023-10-06 19:30:08,498]root - INFO - train accuracy : 1.0
[2023-10-06 19:30:08,498]root - INFO - test accuracy : 1.0
[2023-10-06 19:30:08,498]root - INFO - model accuracy : 1.0
[2023-10-06 19:30:08,498]root - INFO - diff in train and test accuracy is : 0.0
[2023-10-06 19:30:08,498]root - INFO - -----------------for model : RandomForestClassifier(max_depth=7)----------------------
[2023-10-06 19:30:08,732]root - INFO - train accuracy : 0.9995383905216187
[2023-10-06 19:30:08,732]root - INFO - test accuracy : 0.9995383905216187
[2023-10-06 19:30:08,732]root - INFO - model accuracy : 0.9995383905216187
[2023-10-06 19:30:08,732]root - INFO - diff in train and test accuracy is : 0.0
[2023-10-06 19:30:08,732]root - INFO - -----------------for model : DecisionTreeClassifier(max_depth=9)----------------------
[2023-10-06 19:30:08,748]root - INFO - train accuracy : 1.0
[2023-10-06 19:30:08,748]root - INFO - test accuracy : 1.0
[2023-10-06 19:30:08,748]root - INFO - model accuracy : 1.0
[2023-10-06 19:30:08,748]root - INFO - diff in train and test accuracy is : 0.0
[2023-10-06 19:30:08,748]root - INFO - -----------------for model : SVC(C=1)----------------------
[2023-10-06 19:30:11,996]root - INFO - train accuracy : 1.0
[2023-10-06 19:30:11,996]root - INFO - test accuracy : 1.0
[2023-10-06 19:30:11,996]root - INFO - model accuracy : 1.0
[2023-10-06 19:30:11,996]root - INFO - diff in train and test accuracy is : 0.0
[2023-10-06 19:30:11,996]root - INFO - >>>>>>>>>>>>>>>>>>>>>>>>>>>>>>>>>>>>>>>>Model trainer log completed.<<<<<<<<<<<<<<<<<<<<<<<<<<<<<<<<<<<<<<<< 


