[2023-10-07 15:01:12,641]root - INFO - get training pipeline config function started
[2023-10-07 15:01:12,641]root - INFO - training pipeline config : TrainingPipelineConfig(artifact_dir='D:\\projects\\mushroom_classification\\mashroom\\artifact')
[2023-10-07 15:01:12,641]root - INFO - get data ingestion config function started
[2023-10-07 15:01:12,641]root - INFO - data ingestion config : DataIngestionConfig(dataset_download_url='https://archive.ics.uci.edu/static/public/73/mushroom.zip', raw_data_dir='D:\\projects\\mushroom_classification\\mashroom\\artifact\\data_ingestion\\2023-10-07-15-01-01\\raw_data', zip_data_dir='D:\\projects\\mushroom_classification\\mashroom\\artifact\\data_ingestion\\2023-10-07-15-01-01\\zip_data', ingested_train_dir='D:\\projects\\mushroom_classification\\mashroom\\artifact\\data_ingestion\\2023-10-07-15-01-01\\ingested_data\\train', ingested_test_dir='D:\\projects\\mushroom_classification\\mashroom\\artifact\\data_ingestion\\2023-10-07-15-01-01\\ingested_data\\test')
[2023-10-07 15:01:12,641]root - INFO - >>>>>>>>>>>>>>>>>>>>>>>>>>>>>>>>>>>>>>>>Data Ingestion log started.<<<<<<<<<<<<<<<<<<<<<<<<<<<<<<<<<<<<<<<< 
[2023-10-07 15:01:12,641]root - INFO - intitate data ingestion function started
[2023-10-07 15:01:12,641]root - INFO - download mashroom data function started
[2023-10-07 15:01:12,641]root - INFO - downlaodind data from https://archive.ics.uci.edu/static/public/73/mushroom.zip in the D:\projects\mushroom_classification\mashroom\artifact\data_ingestion\2023-10-07-15-01-01\zip_data folder
[2023-10-07 15:01:12,656]root - INFO - -----data download started-----
[2023-10-07 15:01:14,587]root - INFO - -----data download completed-----
[2023-10-07 15:01:14,587]root - INFO - get extracted data function started
[2023-10-07 15:01:14,600]root - INFO - extracting data from D:\projects\mushroom_classification\mashroom\artifact\data_ingestion\2023-10-07-15-01-01\zip_data\mushroom.zip into D:\projects\mushroom_classification\mashroom\artifact\data_ingestion\2023-10-07-15-01-01\raw_data folder
[2023-10-07 15:01:14,666]root - INFO - get train test split function started
[2023-10-07 15:01:14,666]root - INFO - data file name : agaricus-lepiota.data
[2023-10-07 15:01:14,666]root - INFO - -----data reading started-----
[2023-10-07 15:01:14,831]root - INFO - -----data reading completed-----
[2023-10-07 15:01:14,831]root - INFO - -----splitting data started-----
[2023-10-07 15:01:14,854]root - INFO - -----splitting data completed-----
[2023-10-07 15:01:14,854]root - INFO - combining input and output features
[2023-10-07 15:01:14,862]root - INFO - saving train data as csv
[2023-10-07 15:01:14,899]root - INFO - saving test data as csv
[2023-10-07 15:01:14,946]root - INFO - >>>>>>>>>>>>>>>>>>>>>>>>>>>>>>>>>>>>>>>>Data Ingestion log completed.<<<<<<<<<<<<<<<<<<<<<<<<<<<<<<<<<<<<<<<< 


[2023-10-07 15:01:14,946]root - INFO - get data validation config function started
[2023-10-07 15:01:14,946]root - INFO - data validation config : DataValidationConfig(schema_file_dir='D:\\projects\\mushroom_classification\\config\\schema.yaml', report_page_file_dir='D:\\projects\\mushroom_classification\\mashroom\\artifact\\data_validation\\2023-10-07-15-01-01', report_name='report.html')
[2023-10-07 15:01:14,946]root - INFO - >>>>>>>>>>>>>>>>>>>>>>>>>>>>>>>>>>>>>>>>Data Validation log started.<<<<<<<<<<<<<<<<<<<<<<<<<<<<<<<<<<<<<<<< 


[2023-10-07 15:01:14,946]root - INFO - get column count validation function started
[2023-10-07 15:01:14,962]root - INFO - get train test dataframe function started
[2023-10-07 15:01:14,962]root - INFO - reading train data from : D:\projects\mushroom_classification\mashroom\artifact\data_ingestion\2023-10-07-15-01-01\ingested_data\train\agaricus-lepiota.csv
[2023-10-07 15:01:15,031]root - INFO - train file read successfull
[2023-10-07 15:01:15,031]root - INFO - reading test data from : D:\projects\mushroom_classification\mashroom\artifact\data_ingestion\2023-10-07-15-01-01\ingested_data\test\agaricus-lepiota.csv
[2023-10-07 15:01:15,084]root - INFO - test file read successfull
[2023-10-07 15:01:15,084]root - INFO - column count in schema file is : 23
[2023-10-07 15:01:15,084]root - INFO - column count in train file is : 23
[2023-10-07 15:01:15,084]root - INFO - column count in test file is : 23
[2023-10-07 15:01:15,084]root - INFO - column count in train dataframe is okky
[2023-10-07 15:01:15,084]root - INFO - column count in test dataframe is okky
[2023-10-07 15:01:15,084]root - INFO - get column name validation function started
[2023-10-07 15:01:15,084]root - INFO - get train test dataframe function started
[2023-10-07 15:01:15,084]root - INFO - reading train data from : D:\projects\mushroom_classification\mashroom\artifact\data_ingestion\2023-10-07-15-01-01\ingested_data\train\agaricus-lepiota.csv
[2023-10-07 15:01:15,116]root - INFO - train file read successfull
[2023-10-07 15:01:15,116]root - INFO - reading test data from : D:\projects\mushroom_classification\mashroom\artifact\data_ingestion\2023-10-07-15-01-01\ingested_data\test\agaricus-lepiota.csv
[2023-10-07 15:01:15,163]root - INFO - test file read successfull
[2023-10-07 15:01:15,163]root - INFO - schema column names are : ['cap-shape', 'cap-color', 'cap-surface', 'bruises', 'odor', 'gill-attachment', 'gill-spacing', 'gill-size', 'gill-color', 'stalk-shape', 'stalk-root', 'stalk-surface-above-ring', 'stalk-surface-below-ring', 'stalk-color-above-ring', 'stalk-color-below-ring', 'veil-type', 'veil-color', 'ring-number', 'ring-type', 'spore-print-color', 'population', 'habitat', 'target']
[2023-10-07 15:01:15,163]root - INFO - train dataframe column names are : ['cap-shape', 'cap-color', 'cap-surface', 'bruises', 'odor', 'gill-attachment', 'gill-spacing', 'gill-size', 'gill-color', 'stalk-shape', 'stalk-root', 'stalk-surface-above-ring', 'stalk-surface-below-ring', 'stalk-color-above-ring', 'stalk-color-below-ring', 'veil-type', 'veil-color', 'ring-number', 'ring-type', 'spore-print-color', 'population', 'habitat', 'target']
[2023-10-07 15:01:15,163]root - INFO - test dataframe column anmes are : ['cap-shape', 'cap-color', 'cap-surface', 'bruises', 'odor', 'gill-attachment', 'gill-spacing', 'gill-size', 'gill-color', 'stalk-shape', 'stalk-root', 'stalk-surface-above-ring', 'stalk-surface-below-ring', 'stalk-color-above-ring', 'stalk-color-below-ring', 'veil-type', 'veil-color', 'ring-number', 'ring-type', 'spore-print-color', 'population', 'habitat', 'target']
[2023-10-07 15:01:15,163]root - INFO - train dataframe column names are correct
[2023-10-07 15:01:15,163]root - INFO - test dataframe column names are correct
[2023-10-07 15:01:15,163]root - INFO - get column data type validation function started
[2023-10-07 15:01:15,178]root - INFO - get train test dataframe function started
[2023-10-07 15:01:15,178]root - INFO - reading train data from : D:\projects\mushroom_classification\mashroom\artifact\data_ingestion\2023-10-07-15-01-01\ingested_data\train\agaricus-lepiota.csv
[2023-10-07 15:01:15,209]root - INFO - train file read successfull
[2023-10-07 15:01:15,209]root - INFO - reading test data from : D:\projects\mushroom_classification\mashroom\artifact\data_ingestion\2023-10-07-15-01-01\ingested_data\test\agaricus-lepiota.csv
[2023-10-07 15:01:15,241]root - INFO - test file read successfull
[2023-10-07 15:01:15,241]root - INFO - get and save data drift report function started
[2023-10-07 15:01:15,241]root - INFO - get train test dataframe function started
[2023-10-07 15:01:15,241]root - INFO - reading train data from : D:\projects\mushroom_classification\mashroom\artifact\data_ingestion\2023-10-07-15-01-01\ingested_data\train\agaricus-lepiota.csv
[2023-10-07 15:01:15,272]root - INFO - train file read successfull
[2023-10-07 15:01:15,272]root - INFO - reading test data from : D:\projects\mushroom_classification\mashroom\artifact\data_ingestion\2023-10-07-15-01-01\ingested_data\test\agaricus-lepiota.csv
[2023-10-07 15:01:15,303]root - INFO - test file read successfull
[2023-10-07 15:01:18,100]root - INFO - report saved succesfully
[2023-10-07 15:01:18,116]root - INFO - >>>>>>>>>>>>>>>>>>>>>>>>>>>>>>>>>>>>>>>>Data Validation log completed.<<<<<<<<<<<<<<<<<<<<<<<<<<<<<<<<<<<<<<<< 


[2023-10-07 15:01:18,116]root - INFO - get data transform config function started
[2023-10-07 15:01:18,116]root - INFO - data transform config : DataTransformConfig(transform_train_dir='D:\\projects\\mushroom_classification\\mashroom\\artifact\\data_transform\\2023-10-07-15-01-01\\train', transform_test_dir='D:\\projects\\mushroom_classification\\mashroom\\artifact\\data_transform\\2023-10-07-15-01-01\\test', preprocessed_file_path='D:\\projects\\mushroom_classification\\mashroom\\artifact\\data_transform\\2023-10-07-15-01-01\\preprocessed\\preprocessed.pkl')
[2023-10-07 15:01:18,116]root - INFO - >>>>>>>>>>>>>>>>>>>>>>>>>>>>>>>>>>>>>>>>Data Transformation log started.<<<<<<<<<<<<<<<<<<<<<<<<<<<<<<<<<<<<<<<< 
[2023-10-07 15:01:18,121]root - INFO - intiate data transform function started
[2023-10-07 15:01:18,121]root - INFO - get preprocessing object function staretd
[2023-10-07 15:01:18,121]root - INFO - -----pipeline esamble started-----
[2023-10-07 15:01:18,121]root - INFO - -----pipeline esamble completed-----
[2023-10-07 15:01:18,121]root - INFO - get perfrom preprocessing function started
[2023-10-07 15:01:18,121]root - INFO - -----reading train data started-----
[2023-10-07 15:01:18,162]root - INFO - ------reading train data completed-----
[2023-10-07 15:01:18,162]root - INFO - dropping target column from dataframe
[2023-10-07 15:01:18,182]root - INFO - columns names after dropping target column : Index(['cap-shape', 'cap-color', 'cap-surface', 'bruises', 'odor',
       'gill-attachment', 'gill-spacing', 'gill-size', 'gill-color',
       'stalk-shape', 'stalk-root', 'stalk-surface-above-ring',
       'stalk-surface-below-ring', 'stalk-color-above-ring',
       'stalk-color-below-ring', 'veil-type', 'veil-color', 'ring-number',
       'ring-type', 'spore-print-color', 'population', 'habitat'],
      dtype='object')
[2023-10-07 15:01:18,182]root - INFO - -----preprocessing on train data started-----
[2023-10-07 15:01:18,283]root - INFO - -----preprocessing on train data completed-----
[2023-10-07 15:01:18,283]root - INFO - one hot encoding on target data
[2023-10-07 15:01:18,283]root - INFO - combining input and output dataframes
[2023-10-07 15:01:18,283]root - INFO - get perfrom preprocessing function started
[2023-10-07 15:01:18,283]root - INFO - -----reading test data started-----
[2023-10-07 15:01:18,330]root - INFO - ------reading train data completed-----
[2023-10-07 15:01:18,330]root - INFO - dropping target column from dataframe
[2023-10-07 15:01:18,330]root - INFO - columns names after dropping target column : Index(['cap-shape', 'cap-color', 'cap-surface', 'bruises', 'odor',
       'gill-attachment', 'gill-spacing', 'gill-size', 'gill-color',
       'stalk-shape', 'stalk-root', 'stalk-surface-above-ring',
       'stalk-surface-below-ring', 'stalk-color-above-ring',
       'stalk-color-below-ring', 'veil-type', 'veil-color', 'ring-number',
       'ring-type', 'spore-print-color', 'population', 'habitat'],
      dtype='object')
[2023-10-07 15:01:18,330]root - INFO - -----preprocessing on test data started-----
[2023-10-07 15:01:18,408]root - INFO - -----preprocessing on test data completed-----
[2023-10-07 15:01:18,408]root - INFO - one hot encoding on target data
[2023-10-07 15:01:18,408]root - INFO - combining input and output dataframes
[2023-10-07 15:01:18,408]root - INFO - save transformed train test data function started
[2023-10-07 15:01:18,408]root - INFO - saving transformed train file in : D:\projects\mushroom_classification\mashroom\artifact\data_transform\2023-10-07-15-01-01\train
[2023-10-07 15:01:18,616]root - INFO - saving transformed train file succesfull
[2023-10-07 15:01:18,616]root - INFO - saving transformed test file in : D:\projects\mushroom_classification\mashroom\artifact\data_transform\2023-10-07-15-01-01\test
[2023-10-07 15:01:18,846]root - INFO - saving transformed test file succesfull
[2023-10-07 15:01:18,861]root - INFO - >>>>>>>>>>>>>>>>>>>>>>>>>>>>>>>>>>>>>>>>Data Transformation log completed.<<<<<<<<<<<<<<<<<<<<<<<<<<<<<<<<<<<<<<<< 


[2023-10-07 15:01:18,861]root - INFO - get model trainer function started
[2023-10-07 15:01:18,861]root - INFO - mode trainer config : ModelTrainerConfig(trained_model_file_path='D:\\projects\\mushroom_classification\\mashroom\\artifact\\model_trainer\\2023-10-07-15-01-01\\model.pkl', base_accuracy=0.9, model_config_file_path='D:\\projects\\mushroom_classification\\config\\model.yaml')
[2023-10-07 15:01:18,861]root - INFO - >>>>>>>>>>>>>>>>>>>>>>>>>>>>>>>>>>>>>>>>Model Trainer log started.<<<<<<<<<<<<<<<<<<<<<<<<<<<<<<<<<<<<<<<< 
[2023-10-07 15:01:18,861]root - INFO - intiate model trainer function started
[2023-10-07 15:01:18,861]root - INFO - transform train file is avaiable at : D:\projects\mushroom_classification\mashroom\artifact\data_transform\2023-10-07-15-01-01\train
[2023-10-07 15:01:18,861]root - INFO - transform test file is avaiable at : D:\projects\mushroom_classification\mashroom\artifact\data_transform\2023-10-07-15-01-01\test
[2023-10-07 15:01:18,861]root - INFO - train file name is : train.csv
[2023-10-07 15:01:18,861]root - INFO - test file name is : train.csv
[2023-10-07 15:01:18,861]root - INFO - ------reading train data started-------
[2023-10-07 15:01:18,981]root - INFO - ------reading train data completed------
[2023-10-07 15:01:18,981]root - INFO - ------reading test data started-------
[2023-10-07 15:01:19,112]root - INFO - ------reading test data completed------
[2023-10-07 15:01:19,112]root - INFO - splitting data int input and output feature
[2023-10-07 15:01:19,116]root - INFO - reading model config file from D:\projects\mushroom_classification\config\model.yaml
[2023-10-07 15:01:19,116]root - INFO - making object of model factory class
[2023-10-07 15:01:19,132]root - INFO - base accuracy is : 0.9
[2023-10-07 15:01:19,132]root - INFO - get best model function started
[2023-10-07 15:01:19,132]root - INFO - get intlized model list function started
[2023-10-07 15:01:19,148]root - INFO - intlized model list : [InitlizedModelDetails(model_serial_number='module_0', model=LogisticRegression(), params_grid_search={'penalty': ['l2']}, model_name='sklearn.linear_model.LogisticRegression')]
[2023-10-07 15:01:19,320]root - INFO - intlized model list : [InitlizedModelDetails(model_serial_number='module_0', model=LogisticRegression(), params_grid_search={'penalty': ['l2']}, model_name='sklearn.linear_model.LogisticRegression'), InitlizedModelDetails(model_serial_number='module_1', model=RandomForestClassifier(max_depth=2), params_grid_search={'max_depth': [2, 3, 4, 5, 6, 7, 8, 9, 10, 11, 12, 15, 20]}, model_name='sklearn.ensemble.RandomForestClassifier')]
[2023-10-07 15:01:19,320]root - INFO - intlized model list : [InitlizedModelDetails(model_serial_number='module_0', model=LogisticRegression(), params_grid_search={'penalty': ['l2']}, model_name='sklearn.linear_model.LogisticRegression'), InitlizedModelDetails(model_serial_number='module_1', model=RandomForestClassifier(max_depth=2), params_grid_search={'max_depth': [2, 3, 4, 5, 6, 7, 8, 9, 10, 11, 12, 15, 20]}, model_name='sklearn.ensemble.RandomForestClassifier'), InitlizedModelDetails(model_serial_number='module_2', model=DecisionTreeClassifier(max_depth=2), params_grid_search={'max_depth': [2, 3, 4, 5, 6, 7, 8, 9, 10, 11, 12, 15, 20]}, model_name='sklearn.tree.DecisionTreeClassifier')]
[2023-10-07 15:01:19,335]root - INFO - intlized model list : [InitlizedModelDetails(model_serial_number='module_0', model=LogisticRegression(), params_grid_search={'penalty': ['l2']}, model_name='sklearn.linear_model.LogisticRegression'), InitlizedModelDetails(model_serial_number='module_1', model=RandomForestClassifier(max_depth=2), params_grid_search={'max_depth': [2, 3, 4, 5, 6, 7, 8, 9, 10, 11, 12, 15, 20]}, model_name='sklearn.ensemble.RandomForestClassifier'), InitlizedModelDetails(model_serial_number='module_2', model=DecisionTreeClassifier(max_depth=2), params_grid_search={'max_depth': [2, 3, 4, 5, 6, 7, 8, 9, 10, 11, 12, 15, 20]}, model_name='sklearn.tree.DecisionTreeClassifier'), InitlizedModelDetails(model_serial_number='module_3', model=SVC(C=1), params_grid_search={'C': [1, 3, 5, 7, 9, 10]}, model_name='sklearn.svm.SVC')]
[2023-10-07 15:01:19,335]root - INFO - intlized model list : [InitlizedModelDetails(model_serial_number='module_0', model=LogisticRegression(), params_grid_search={'penalty': ['l2']}, model_name='sklearn.linear_model.LogisticRegression'), InitlizedModelDetails(model_serial_number='module_1', model=RandomForestClassifier(max_depth=2), params_grid_search={'max_depth': [2, 3, 4, 5, 6, 7, 8, 9, 10, 11, 12, 15, 20]}, model_name='sklearn.ensemble.RandomForestClassifier'), InitlizedModelDetails(model_serial_number='module_2', model=DecisionTreeClassifier(max_depth=2), params_grid_search={'max_depth': [2, 3, 4, 5, 6, 7, 8, 9, 10, 11, 12, 15, 20]}, model_name='sklearn.tree.DecisionTreeClassifier'), InitlizedModelDetails(model_serial_number='module_3', model=SVC(C=1), params_grid_search={'C': [1, 3, 5, 7, 9, 10]}, model_name='sklearn.svm.SVC'), InitlizedModelDetails(model_serial_number='module_4', model=GradientBoostingClassifier(max_depth=2), params_grid_search={'max_depth': [2, 3, 4, 5, 6, 7, 8, 9, 10, 11, 12, 15, 20]}, model_name='sklearn.ensemble.GradientBoostingClassifier')]
[2023-10-07 15:01:19,351]root - INFO - intlized model list : [InitlizedModelDetails(model_serial_number='module_0', model=LogisticRegression(), params_grid_search={'penalty': ['l2']}, model_name='sklearn.linear_model.LogisticRegression'), InitlizedModelDetails(model_serial_number='module_1', model=RandomForestClassifier(max_depth=2), params_grid_search={'max_depth': [2, 3, 4, 5, 6, 7, 8, 9, 10, 11, 12, 15, 20]}, model_name='sklearn.ensemble.RandomForestClassifier'), InitlizedModelDetails(model_serial_number='module_2', model=DecisionTreeClassifier(max_depth=2), params_grid_search={'max_depth': [2, 3, 4, 5, 6, 7, 8, 9, 10, 11, 12, 15, 20]}, model_name='sklearn.tree.DecisionTreeClassifier'), InitlizedModelDetails(model_serial_number='module_3', model=SVC(C=1), params_grid_search={'C': [1, 3, 5, 7, 9, 10]}, model_name='sklearn.svm.SVC'), InitlizedModelDetails(model_serial_number='module_4', model=GradientBoostingClassifier(max_depth=2), params_grid_search={'max_depth': [2, 3, 4, 5, 6, 7, 8, 9, 10, 11, 12, 15, 20]}, model_name='sklearn.ensemble.GradientBoostingClassifier'), InitlizedModelDetails(model_serial_number='module_5', model=AdaBoostClassifier(), params_grid_search={'n_estimators': [20, 30, 40, 50, 60, 70, 80, 90, 100]}, model_name='sklearn.ensemble.AdaBoostClassifier')]
[2023-10-07 15:01:19,351]root - INFO - Final model list is:[InitlizedModelDetails(model_serial_number='module_0', model=LogisticRegression(), params_grid_search={'penalty': ['l2']}, model_name='sklearn.linear_model.LogisticRegression'), InitlizedModelDetails(model_serial_number='module_1', model=RandomForestClassifier(max_depth=2), params_grid_search={'max_depth': [2, 3, 4, 5, 6, 7, 8, 9, 10, 11, 12, 15, 20]}, model_name='sklearn.ensemble.RandomForestClassifier'), InitlizedModelDetails(model_serial_number='module_2', model=DecisionTreeClassifier(max_depth=2), params_grid_search={'max_depth': [2, 3, 4, 5, 6, 7, 8, 9, 10, 11, 12, 15, 20]}, model_name='sklearn.tree.DecisionTreeClassifier'), InitlizedModelDetails(model_serial_number='module_3', model=SVC(C=1), params_grid_search={'C': [1, 3, 5, 7, 9, 10]}, model_name='sklearn.svm.SVC'), InitlizedModelDetails(model_serial_number='module_4', model=GradientBoostingClassifier(max_depth=2), params_grid_search={'max_depth': [2, 3, 4, 5, 6, 7, 8, 9, 10, 11, 12, 15, 20]}, model_name='sklearn.ensemble.GradientBoostingClassifier'), InitlizedModelDetails(model_serial_number='module_5', model=AdaBoostClassifier(), params_grid_search={'n_estimators': [20, 30, 40, 50, 60, 70, 80, 90, 100]}, model_name='sklearn.ensemble.AdaBoostClassifier')]
[2023-10-07 15:01:19,351]root - INFO - initite best parameter for models function started
[2023-10-07 15:01:19,351]root - INFO - finding best model for : InitlizedModelDetails(model_serial_number='module_0', model=LogisticRegression(), params_grid_search={'penalty': ['l2']}, model_name='sklearn.linear_model.LogisticRegression')
[2023-10-07 15:01:19,351]root - INFO - finding best parameters for each models
[2023-10-07 15:01:20,628]root - INFO - best model is : GridSearchedBestModel(model_serial_number='module_0', model=LogisticRegression(), best_model=LogisticRegression(), best_parameters={'penalty': 'l2'}, best_scores=0.9995382246698643)
[2023-10-07 15:01:20,628]root - INFO - finding best model for : InitlizedModelDetails(model_serial_number='module_1', model=RandomForestClassifier(max_depth=2), params_grid_search={'max_depth': [2, 3, 4, 5, 6, 7, 8, 9, 10, 11, 12, 15, 20]}, model_name='sklearn.ensemble.RandomForestClassifier')
[2023-10-07 15:01:20,628]root - INFO - finding best parameters for each models
[2023-10-07 15:02:06,575]root - INFO - best model is : GridSearchedBestModel(model_serial_number='module_1', model=RandomForestClassifier(max_depth=2), best_model=RandomForestClassifier(max_depth=7), best_parameters={'max_depth': 7}, best_scores=1.0)
[2023-10-07 15:02:06,575]root - INFO - finding best model for : InitlizedModelDetails(model_serial_number='module_2', model=DecisionTreeClassifier(max_depth=2), params_grid_search={'max_depth': [2, 3, 4, 5, 6, 7, 8, 9, 10, 11, 12, 15, 20]}, model_name='sklearn.tree.DecisionTreeClassifier')
[2023-10-07 15:02:06,575]root - INFO - finding best parameters for each models
[2023-10-07 15:02:09,634]root - INFO - best model is : GridSearchedBestModel(model_serial_number='module_2', model=DecisionTreeClassifier(max_depth=2), best_model=DecisionTreeClassifier(max_depth=9), best_parameters={'max_depth': 9}, best_scores=1.0)
[2023-10-07 15:02:09,634]root - INFO - finding best model for : InitlizedModelDetails(model_serial_number='module_3', model=SVC(C=1), params_grid_search={'C': [1, 3, 5, 7, 9, 10]}, model_name='sklearn.svm.SVC')
[2023-10-07 15:02:09,634]root - INFO - finding best parameters for each models
[2023-10-07 15:02:48,504]root - INFO - best model is : GridSearchedBestModel(model_serial_number='module_3', model=SVC(C=1), best_model=SVC(C=1), best_parameters={'C': 1}, best_scores=1.0)
[2023-10-07 15:02:48,504]root - INFO - finding best model for : InitlizedModelDetails(model_serial_number='module_4', model=GradientBoostingClassifier(max_depth=2), params_grid_search={'max_depth': [2, 3, 4, 5, 6, 7, 8, 9, 10, 11, 12, 15, 20]}, model_name='sklearn.ensemble.GradientBoostingClassifier')
[2023-10-07 15:02:48,504]root - INFO - finding best parameters for each models
[2023-10-07 15:07:14,826]root - INFO - best model is : GridSearchedBestModel(model_serial_number='module_4', model=GradientBoostingClassifier(max_depth=2), best_model=GradientBoostingClassifier(max_depth=4), best_parameters={'max_depth': 4}, best_scores=1.0)
[2023-10-07 15:07:14,860]root - INFO - finding best model for : InitlizedModelDetails(model_serial_number='module_5', model=AdaBoostClassifier(), params_grid_search={'n_estimators': [20, 30, 40, 50, 60, 70, 80, 90, 100]}, model_name='sklearn.ensemble.AdaBoostClassifier')
[2023-10-07 15:07:14,860]root - INFO - finding best parameters for each models
[2023-10-07 15:08:16,903]root - INFO - best model is : GridSearchedBestModel(model_serial_number='module_5', model=AdaBoostClassifier(), best_model=AdaBoostClassifier(n_estimators=20), best_parameters={'n_estimators': 20}, best_scores=1.0)
[2023-10-07 15:08:16,937]root - INFO - Best individual models with paramater is :[GridSearchedBestModel(model_serial_number='module_0', model=LogisticRegression(), best_model=LogisticRegression(), best_parameters={'penalty': 'l2'}, best_scores=0.9995382246698643), GridSearchedBestModel(model_serial_number='module_1', model=RandomForestClassifier(max_depth=2), best_model=RandomForestClassifier(max_depth=7), best_parameters={'max_depth': 7}, best_scores=1.0), GridSearchedBestModel(model_serial_number='module_2', model=DecisionTreeClassifier(max_depth=2), best_model=DecisionTreeClassifier(max_depth=9), best_parameters={'max_depth': 9}, best_scores=1.0), GridSearchedBestModel(model_serial_number='module_3', model=SVC(C=1), best_model=SVC(C=1), best_parameters={'C': 1}, best_scores=1.0), GridSearchedBestModel(model_serial_number='module_4', model=GradientBoostingClassifier(max_depth=2), best_model=GradientBoostingClassifier(max_depth=4), best_parameters={'max_depth': 4}, best_scores=1.0), GridSearchedBestModel(model_serial_number='module_5', model=AdaBoostClassifier(), best_model=AdaBoostClassifier(n_estimators=20), best_parameters={'n_estimators': 20}, best_scores=1.0)]
[2023-10-07 15:08:16,937]root - INFO - get best model from grid searched best model
[2023-10-07 15:08:16,937]root - INFO - best model here : LogisticRegression()
[2023-10-07 15:08:16,937]root - INFO - best model here : RandomForestClassifier(max_depth=7)
[2023-10-07 15:08:16,937]root - INFO - best model on trained data is : RandomForestClassifier(max_depth=7)
[2023-10-07 15:08:17,070]root - INFO - get evulated classification model function started
[2023-10-07 15:08:17,070]root - INFO - model list : [LogisticRegression(), RandomForestClassifier(max_depth=7), DecisionTreeClassifier(max_depth=9), SVC(C=1), GradientBoostingClassifier(max_depth=4), AdaBoostClassifier(n_estimators=20)]
[2023-10-07 15:08:17,070]root - INFO - -----------------for model : LogisticRegression()----------------------
[2023-10-07 15:08:17,120]root - INFO - train accuracy : 1.0
[2023-10-07 15:08:17,120]root - INFO - test accuracy : 1.0
[2023-10-07 15:08:17,120]root - INFO - model accuracy : 1.0
[2023-10-07 15:08:17,120]root - INFO - diff in train and test accuracy is : 0.0
[2023-10-07 15:08:17,120]root - INFO - -----------------for model : RandomForestClassifier(max_depth=7)----------------------
[2023-10-07 15:08:17,437]root - INFO - train accuracy : 1.0
[2023-10-07 15:08:17,437]root - INFO - test accuracy : 1.0
[2023-10-07 15:08:17,437]root - INFO - model accuracy : 1.0
[2023-10-07 15:08:17,437]root - INFO - diff in train and test accuracy is : 0.0
[2023-10-07 15:08:17,437]root - INFO - -----------------for model : DecisionTreeClassifier(max_depth=9)----------------------
[2023-10-07 15:08:17,437]root - INFO - train accuracy : 1.0
[2023-10-07 15:08:17,437]root - INFO - test accuracy : 1.0
[2023-10-07 15:08:17,437]root - INFO - model accuracy : 1.0
[2023-10-07 15:08:17,437]root - INFO - diff in train and test accuracy is : 0.0
[2023-10-07 15:08:17,437]root - INFO - -----------------for model : SVC(C=1)----------------------
[2023-10-07 15:08:22,186]root - INFO - train accuracy : 1.0
[2023-10-07 15:08:22,186]root - INFO - test accuracy : 1.0
[2023-10-07 15:08:22,186]root - INFO - model accuracy : 1.0
[2023-10-07 15:08:22,186]root - INFO - diff in train and test accuracy is : 0.0
[2023-10-07 15:08:22,186]root - INFO - -----------------for model : GradientBoostingClassifier(max_depth=4)----------------------
[2023-10-07 15:08:22,286]root - INFO - train accuracy : 1.0
[2023-10-07 15:08:22,286]root - INFO - test accuracy : 1.0
[2023-10-07 15:08:22,286]root - INFO - model accuracy : 1.0
[2023-10-07 15:08:22,286]root - INFO - diff in train and test accuracy is : 0.0
[2023-10-07 15:08:22,286]root - INFO - -----------------for model : AdaBoostClassifier(n_estimators=20)----------------------
[2023-10-07 15:08:22,536]root - INFO - train accuracy : 1.0
[2023-10-07 15:08:22,536]root - INFO - test accuracy : 1.0
[2023-10-07 15:08:22,536]root - INFO - model accuracy : 1.0
[2023-10-07 15:08:22,536]root - INFO - diff in train and test accuracy is : 0.0
[2023-10-07 15:08:22,552]root - INFO - ----------best model after train and test evulation : AdaBoostClassifier(n_estimators=20) accuracy : 1.0-----------
[2023-10-07 15:08:22,553]root - INFO - model name is : model.pkl
[2023-10-07 15:08:22,669]root - INFO - model saved successfully
[2023-10-07 15:08:22,703]root - INFO - >>>>>>>>>>>>>>>>>>>>>>>>>>>>>>>>>>>>>>>>Model trainer log completed.<<<<<<<<<<<<<<<<<<<<<<<<<<<<<<<<<<<<<<<< 


[2023-10-07 15:08:22,719]root - INFO - model evulation config function started
[2023-10-07 15:08:22,719]root - INFO - model evulation config : ModelEvulationConfig(evulation_file_path='D:\\projects\\mushroom_classification\\mashroom\\artifact\\model_evulation\\model_evulation.yaml', time_stamp='2023-10-07-15-01-01')
[2023-10-07 15:08:22,719]root - INFO - >>>>>>>>>>>>>>>>>>>>>>>>>>>>>>>>>>>>>>>>Model evulation log started.<<<<<<<<<<<<<<<<<<<<<<<<<<<<<<<<<<<<<<<< 


[2023-10-07 15:08:22,719]root - INFO - intiate model evulation function started
[2023-10-07 15:08:22,719]root - INFO - tranform train dir path : D:\projects\mushroom_classification\mashroom\artifact\data_transform\2023-10-07-15-01-01\train
[2023-10-07 15:08:22,719]root - INFO - transform test dir path : D:\projects\mushroom_classification\mashroom\artifact\data_transform\2023-10-07-15-01-01\test
[2023-10-07 15:08:22,719]root - INFO - train file is : train.csv
[2023-10-07 15:08:22,719]root - INFO - test file is : test.csv
[2023-10-07 15:08:23,253]root - INFO - -----reading train data started------
[2023-10-07 15:08:23,635]root - INFO - -----reading train data completed-----
[2023-10-07 15:08:23,635]root - INFO - -----reading test data started-----
[2023-10-07 15:08:23,803]root - INFO - -----reading test data completed-----
[2023-10-07 15:08:23,803]root - INFO - splitting data into input and output feature
[2023-10-07 15:08:23,850]root - INFO - get best model function started
[2023-10-07 15:08:23,851]root - INFO - model evulation file path : D:\projects\mushroom_classification\mashroom\artifact\model_evulation\model_evulation.yaml
[2023-10-07 15:08:23,874]root - INFO - no model found hence accepting this model
[2023-10-07 15:08:23,875]root - INFO - get updated evulation report function started
[2023-10-07 15:08:23,896]root - INFO - previous evulation report : {}
[2023-10-07 15:08:23,897]root - INFO - updated evulation report : {'best_model': {'model_path': 'D:\\projects\\mushroom_classification\\mashroom\\artifact\\model_trainer\\2023-10-07-15-01-01\\model.pkl'}}
[2023-10-07 15:08:23,903]root - INFO - writting successfull
[2023-10-07 15:08:23,908]root - INFO - >>>>>>>>>>>>>>>>>>>>>>>>>>>>>>>>>>>>>>>>Model evulation log completed.<<<<<<<<<<<<<<<<<<<<<<<<<<<<<<<<<<<<<<<< 


[2023-10-07 15:08:23,908]root - INFO - get model pusher config function started
[2023-10-07 15:08:23,908]root - INFO - model pusher config : ModelPusherConfig(export_dir_path='D:\\projects\\mushroom_classification\\mashroom\\artifact\\model_pusher\\saved_models')
[2023-10-07 15:08:23,909]root - INFO - >>>>>>>>>>>>>>>>>>>>>>>>>>>>>>>>>>>>>>>>Model Pusher log started.<<<<<<<<<<<<<<<<<<<<<<<<<<<<<<<<<<<<<<<< 


[2023-10-07 15:08:23,910]root - INFO - intiate model pusher function started
[2023-10-07 15:08:23,910]root - INFO - export model dir function started
[2023-10-07 15:08:23,910]root - INFO - export model dir is : D:\projects\mushroom_classification\mashroom\artifact\model_pusher\saved_models
[2023-10-07 15:08:23,925]root - INFO - model export completed
[2023-10-07 15:08:23,927]root - INFO - >>>>>>>>>>>>>>>>>>>>>>>>>>>>>>>>>>>>>>>>Model Pusher log completed.<<<<<<<<<<<<<<<<<<<<<<<<<<<<<<<<<<<<<<<< 


